[2025-08-06T10:23:04.561+0000] {manager.py:487} INFO - Processing files using up to 2 processes at a time 
[2025-08-06T10:23:04.561+0000] {manager.py:488} INFO - Process each file at most once every 30 seconds
[2025-08-06T10:23:04.562+0000] {manager.py:489} INFO - Checking for new files in /opt/airflow/dags every 300 seconds
[2025-08-06T10:23:04.562+0000] {manager.py:755} INFO - Searching for files in /opt/airflow/dags
[2025-08-06T10:23:04.563+0000] {manager.py:758} INFO - There are 0 files in /opt/airflow/dags
[2025-08-06T10:28:04.947+0000] {manager.py:755} INFO - Searching for files in /opt/airflow/dags
[2025-08-06T10:28:04.954+0000] {manager.py:758} INFO - There are 0 files in /opt/airflow/dags
[2025-08-06T10:33:04.968+0000] {manager.py:755} INFO - Searching for files in /opt/airflow/dags
[2025-08-06T10:33:04.975+0000] {manager.py:758} INFO - There are 0 files in /opt/airflow/dags
[2025-08-06T10:33:11.867+0000] {manager.py:469} INFO - Exiting gracefully upon receiving signal 15
[2025-08-06T12:06:20.406+0000] {manager.py:487} INFO - Processing files using up to 2 processes at a time 
[2025-08-06T12:06:20.407+0000] {manager.py:488} INFO - Process each file at most once every 30 seconds
[2025-08-06T12:06:20.415+0000] {manager.py:489} INFO - Checking for new files in /opt/airflow/dags every 300 seconds
[2025-08-06T12:06:20.415+0000] {manager.py:755} INFO - Searching for files in /opt/airflow/dags
[2025-08-06T12:06:20.474+0000] {manager.py:758} INFO - There are 3 files in /opt/airflow/dags
[2025-08-06T12:06:21.591+0000] {manager.py:887} INFO - 
================================================================================
DAG File Processing Stats

File Path                                PID  Runtime      # DAGs    # Errors  Last Runtime    Last Run
-------------------------------------  -----  ---------  --------  ----------  --------------  ----------
/opt/airflow/dags/sql_pipeline_dag.py     33  0.28s             0           0
/opt/airflow/dags/advanced_dag.py         34  0.16s             0           0
/opt/airflow/dags/example_dag.py                                0           0
================================================================================
[2025-08-06T12:06:51.964+0000] {manager.py:887} INFO - 
================================================================================
DAG File Processing Stats

File Path                              PID    Runtime      # DAGs    # Errors  Last Runtime    Last Run
-------------------------------------  -----  ---------  --------  ----------  --------------  -------------------
/opt/airflow/dags/sql_pipeline_dag.py                           1           0  2.94s           2025-08-06T12:06:24
/opt/airflow/dags/advanced_dag.py                               1           0  8.27s           2025-08-06T12:06:29
/opt/airflow/dags/example_dag.py                                1           0  1.58s           2025-08-06T12:06:25
================================================================================
[2025-08-06T12:07:22.838+0000] {manager.py:887} INFO - 
================================================================================
DAG File Processing Stats

File Path                              PID    Runtime      # DAGs    # Errors  Last Runtime    Last Run
-------------------------------------  -----  ---------  --------  ----------  --------------  -------------------
/opt/airflow/dags/sql_pipeline_dag.py                           1           0  0.40s           2025-08-06T12:06:55
/opt/airflow/dags/advanced_dag.py                               1           0  2.06s           2025-08-06T12:07:02
/opt/airflow/dags/example_dag.py                                1           0  0.35s           2025-08-06T12:06:56
================================================================================
[2025-08-06T12:07:53.035+0000] {manager.py:887} INFO - 
================================================================================
DAG File Processing Stats

File Path                              PID    Runtime      # DAGs    # Errors  Last Runtime    Last Run
-------------------------------------  -----  ---------  --------  ----------  --------------  -------------------
/opt/airflow/dags/sql_pipeline_dag.py                           1           0  0.34s           2025-08-06T12:07:26
/opt/airflow/dags/advanced_dag.py                               1           0  0.93s           2025-08-06T12:07:33
/opt/airflow/dags/example_dag.py                                1           0  0.16s           2025-08-06T12:07:27
================================================================================
[2025-08-06T12:08:23.406+0000] {manager.py:887} INFO - 
================================================================================
DAG File Processing Stats

File Path                              PID    Runtime      # DAGs    # Errors  Last Runtime    Last Run
-------------------------------------  -----  ---------  --------  ----------  --------------  -------------------
/opt/airflow/dags/sql_pipeline_dag.py                           1           0  0.28s           2025-08-06T12:07:56
/opt/airflow/dags/advanced_dag.py                               1           0  0.66s           2025-08-06T12:08:05
/opt/airflow/dags/example_dag.py                                1           0  0.26s           2025-08-06T12:07:57
================================================================================
[2025-08-06T12:08:53.972+0000] {manager.py:887} INFO - 
================================================================================
DAG File Processing Stats

File Path                              PID    Runtime      # DAGs    # Errors  Last Runtime    Last Run
-------------------------------------  -----  ---------  --------  ----------  --------------  -------------------
/opt/airflow/dags/sql_pipeline_dag.py                           1           0  0.22s           2025-08-06T12:08:27
/opt/airflow/dags/advanced_dag.py                               1           0  0.65s           2025-08-06T12:08:36
/opt/airflow/dags/example_dag.py                                1           0  0.19s           2025-08-06T12:08:28
================================================================================
[2025-08-06T12:09:24.378+0000] {manager.py:887} INFO - 
================================================================================
DAG File Processing Stats

File Path                              PID    Runtime      # DAGs    # Errors  Last Runtime    Last Run
-------------------------------------  -----  ---------  --------  ----------  --------------  -------------------
/opt/airflow/dags/sql_pipeline_dag.py                           1           0  0.20s           2025-08-06T12:08:57
/opt/airflow/dags/advanced_dag.py                               1           0  0.82s           2025-08-06T12:09:08
/opt/airflow/dags/example_dag.py                                1           0  0.15s           2025-08-06T12:08:58
================================================================================
[2025-08-06T12:09:54.897+0000] {manager.py:887} INFO - 
================================================================================
DAG File Processing Stats

File Path                              PID    Runtime      # DAGs    # Errors  Last Runtime    Last Run
-------------------------------------  -----  ---------  --------  ----------  --------------  -------------------
/opt/airflow/dags/sql_pipeline_dag.py                           1           0  0.21s           2025-08-06T12:09:27
/opt/airflow/dags/advanced_dag.py                               1           0  0.71s           2025-08-06T12:09:39
/opt/airflow/dags/example_dag.py                                1           0  0.21s           2025-08-06T12:09:28
================================================================================
[2025-08-06T12:10:25.058+0000] {manager.py:887} INFO - 
================================================================================
DAG File Processing Stats

File Path                              PID    Runtime      # DAGs    # Errors  Last Runtime    Last Run
-------------------------------------  -----  ---------  --------  ----------  --------------  -------------------
/opt/airflow/dags/sql_pipeline_dag.py                           1           0  0.35s           2025-08-06T12:09:58
/opt/airflow/dags/advanced_dag.py                               1           0  0.62s           2025-08-06T12:10:10
/opt/airflow/dags/example_dag.py                                1           0  0.20s           2025-08-06T12:09:59
================================================================================
[2025-08-06T12:10:55.624+0000] {manager.py:887} INFO - 
================================================================================
DAG File Processing Stats

File Path                              PID    Runtime      # DAGs    # Errors  Last Runtime    Last Run
-------------------------------------  -----  ---------  --------  ----------  --------------  -------------------
/opt/airflow/dags/sql_pipeline_dag.py                           1           0  0.22s           2025-08-06T12:10:28
/opt/airflow/dags/advanced_dag.py                               1           0  0.70s           2025-08-06T12:10:42
/opt/airflow/dags/example_dag.py                                1           0  0.15s           2025-08-06T12:10:29
================================================================================
[2025-08-06T12:11:20.894+0000] {manager.py:755} INFO - Searching for files in /opt/airflow/dags
[2025-08-06T12:11:20.917+0000] {manager.py:758} INFO - There are 3 files in /opt/airflow/dags
[2025-08-06T12:11:25.975+0000] {manager.py:887} INFO - 
================================================================================
DAG File Processing Stats

File Path                              PID    Runtime      # DAGs    # Errors  Last Runtime    Last Run
-------------------------------------  -----  ---------  --------  ----------  --------------  -------------------
/opt/airflow/dags/sql_pipeline_dag.py                           1           0  0.21s           2025-08-06T12:10:59
/opt/airflow/dags/advanced_dag.py                               1           0  0.67s           2025-08-06T12:11:13
/opt/airflow/dags/example_dag.py                                1           0  0.15s           2025-08-06T12:11:00
================================================================================
[2025-08-06T12:11:56.338+0000] {manager.py:887} INFO - 
================================================================================
DAG File Processing Stats

File Path                              PID    Runtime      # DAGs    # Errors  Last Runtime    Last Run
-------------------------------------  -----  ---------  --------  ----------  --------------  -------------------
/opt/airflow/dags/sql_pipeline_dag.py                           1           0  0.21s           2025-08-06T12:11:29
/opt/airflow/dags/advanced_dag.py                               1           0  0.62s           2025-08-06T12:11:45
/opt/airflow/dags/example_dag.py                                1           0  0.15s           2025-08-06T12:11:30
================================================================================
[2025-08-06T12:12:04.428+0000] {manager.py:469} INFO - Exiting gracefully upon receiving signal 15
