[2025-08-06T12:06:21.469+0000] {processor.py:157} INFO - Started process (PID=34) to work on /opt/airflow/dags/advanced_dag.py
[2025-08-06T12:06:21.493+0000] {processor.py:829} INFO - Processing file /opt/airflow/dags/advanced_dag.py for tasks to queue
[2025-08-06T12:06:21.506+0000] {logging_mixin.py:151} INFO - [2025-08-06T12:06:21.505+0000] {dagbag.py:536} INFO - Filling up the DagBag from /opt/airflow/dags/advanced_dag.py
[2025-08-06T12:06:28.332+0000] {processor.py:839} INFO - DAG(s) dict_keys(['advanced_data_processing']) retrieved from /opt/airflow/dags/advanced_dag.py
[2025-08-06T12:06:29.286+0000] {logging_mixin.py:151} INFO - [2025-08-06T12:06:29.281+0000] {manager.py:499} INFO - Created Permission View: %s
[2025-08-06T12:06:29.391+0000] {logging_mixin.py:151} INFO - [2025-08-06T12:06:29.390+0000] {manager.py:499} INFO - Created Permission View: %s
[2025-08-06T12:06:29.429+0000] {logging_mixin.py:151} INFO - [2025-08-06T12:06:29.429+0000] {manager.py:499} INFO - Created Permission View: %s
[2025-08-06T12:06:29.432+0000] {logging_mixin.py:151} INFO - [2025-08-06T12:06:29.432+0000] {dag.py:2941} INFO - Sync 1 DAGs
[2025-08-06T12:06:29.462+0000] {logging_mixin.py:151} INFO - [2025-08-06T12:06:29.461+0000] {dag.py:2963} INFO - Creating ORM DAG for advanced_data_processing
[2025-08-06T12:06:29.561+0000] {logging_mixin.py:151} INFO - [2025-08-06T12:06:29.560+0000] {dag.py:3722} INFO - Setting next_dagrun for advanced_data_processing to 2025-08-05T02:00:00+00:00, run_after=2025-08-06T02:00:00+00:00
[2025-08-06T12:06:29.652+0000] {processor.py:179} INFO - Processing /opt/airflow/dags/advanced_dag.py took 8.207 seconds
[2025-08-06T12:07:00.382+0000] {processor.py:157} INFO - Started process (PID=39) to work on /opt/airflow/dags/advanced_dag.py
[2025-08-06T12:07:00.385+0000] {processor.py:829} INFO - Processing file /opt/airflow/dags/advanced_dag.py for tasks to queue
[2025-08-06T12:07:00.394+0000] {logging_mixin.py:151} INFO - [2025-08-06T12:07:00.394+0000] {dagbag.py:536} INFO - Filling up the DagBag from /opt/airflow/dags/advanced_dag.py
[2025-08-06T12:07:02.055+0000] {processor.py:839} INFO - DAG(s) dict_keys(['advanced_data_processing']) retrieved from /opt/airflow/dags/advanced_dag.py
[2025-08-06T12:07:02.184+0000] {logging_mixin.py:151} INFO - [2025-08-06T12:07:02.184+0000] {dag.py:2941} INFO - Sync 1 DAGs
[2025-08-06T12:07:02.262+0000] {logging_mixin.py:151} INFO - [2025-08-06T12:07:02.261+0000] {dag.py:3722} INFO - Setting next_dagrun for advanced_data_processing to 2025-08-05T02:00:00+00:00, run_after=2025-08-06T02:00:00+00:00
[2025-08-06T12:07:02.318+0000] {processor.py:179} INFO - Processing /opt/airflow/dags/advanced_dag.py took 1.956 seconds
[2025-08-06T12:07:32.981+0000] {processor.py:157} INFO - Started process (PID=43) to work on /opt/airflow/dags/advanced_dag.py
[2025-08-06T12:07:32.982+0000] {processor.py:829} INFO - Processing file /opt/airflow/dags/advanced_dag.py for tasks to queue
[2025-08-06T12:07:32.985+0000] {logging_mixin.py:151} INFO - [2025-08-06T12:07:32.985+0000] {dagbag.py:536} INFO - Filling up the DagBag from /opt/airflow/dags/advanced_dag.py
[2025-08-06T12:07:33.714+0000] {processor.py:839} INFO - DAG(s) dict_keys(['advanced_data_processing']) retrieved from /opt/airflow/dags/advanced_dag.py
[2025-08-06T12:07:33.822+0000] {logging_mixin.py:151} INFO - [2025-08-06T12:07:33.822+0000] {dag.py:2941} INFO - Sync 1 DAGs
[2025-08-06T12:07:33.852+0000] {logging_mixin.py:151} INFO - [2025-08-06T12:07:33.852+0000] {dag.py:3722} INFO - Setting next_dagrun for advanced_data_processing to 2025-08-05T02:00:00+00:00, run_after=2025-08-06T02:00:00+00:00
[2025-08-06T12:07:33.872+0000] {processor.py:179} INFO - Processing /opt/airflow/dags/advanced_dag.py took 0.895 seconds
[2025-08-06T12:08:04.641+0000] {processor.py:157} INFO - Started process (PID=47) to work on /opt/airflow/dags/advanced_dag.py
[2025-08-06T12:08:04.643+0000] {processor.py:829} INFO - Processing file /opt/airflow/dags/advanced_dag.py for tasks to queue
[2025-08-06T12:08:04.646+0000] {logging_mixin.py:151} INFO - [2025-08-06T12:08:04.646+0000] {dagbag.py:536} INFO - Filling up the DagBag from /opt/airflow/dags/advanced_dag.py
[2025-08-06T12:08:05.107+0000] {processor.py:839} INFO - DAG(s) dict_keys(['advanced_data_processing']) retrieved from /opt/airflow/dags/advanced_dag.py
[2025-08-06T12:08:05.211+0000] {logging_mixin.py:151} INFO - [2025-08-06T12:08:05.211+0000] {dag.py:2941} INFO - Sync 1 DAGs
[2025-08-06T12:08:05.245+0000] {logging_mixin.py:151} INFO - [2025-08-06T12:08:05.245+0000] {dag.py:3722} INFO - Setting next_dagrun for advanced_data_processing to 2025-08-05T02:00:00+00:00, run_after=2025-08-06T02:00:00+00:00
[2025-08-06T12:08:05.264+0000] {processor.py:179} INFO - Processing /opt/airflow/dags/advanced_dag.py took 0.632 seconds
[2025-08-06T12:08:36.169+0000] {processor.py:157} INFO - Started process (PID=51) to work on /opt/airflow/dags/advanced_dag.py
[2025-08-06T12:08:36.170+0000] {processor.py:829} INFO - Processing file /opt/airflow/dags/advanced_dag.py for tasks to queue
[2025-08-06T12:08:36.172+0000] {logging_mixin.py:151} INFO - [2025-08-06T12:08:36.172+0000] {dagbag.py:536} INFO - Filling up the DagBag from /opt/airflow/dags/advanced_dag.py
[2025-08-06T12:08:36.647+0000] {processor.py:839} INFO - DAG(s) dict_keys(['advanced_data_processing']) retrieved from /opt/airflow/dags/advanced_dag.py
[2025-08-06T12:08:36.741+0000] {logging_mixin.py:151} INFO - [2025-08-06T12:08:36.741+0000] {dag.py:2941} INFO - Sync 1 DAGs
[2025-08-06T12:08:36.775+0000] {logging_mixin.py:151} INFO - [2025-08-06T12:08:36.775+0000] {dag.py:3722} INFO - Setting next_dagrun for advanced_data_processing to 2025-08-05T02:00:00+00:00, run_after=2025-08-06T02:00:00+00:00
[2025-08-06T12:08:36.793+0000] {processor.py:179} INFO - Processing /opt/airflow/dags/advanced_dag.py took 0.627 seconds
[2025-08-06T12:09:07.474+0000] {processor.py:157} INFO - Started process (PID=55) to work on /opt/airflow/dags/advanced_dag.py
[2025-08-06T12:09:07.475+0000] {processor.py:829} INFO - Processing file /opt/airflow/dags/advanced_dag.py for tasks to queue
[2025-08-06T12:09:07.479+0000] {logging_mixin.py:151} INFO - [2025-08-06T12:09:07.478+0000] {dagbag.py:536} INFO - Filling up the DagBag from /opt/airflow/dags/advanced_dag.py
[2025-08-06T12:09:08.114+0000] {processor.py:839} INFO - DAG(s) dict_keys(['advanced_data_processing']) retrieved from /opt/airflow/dags/advanced_dag.py
[2025-08-06T12:09:08.207+0000] {logging_mixin.py:151} INFO - [2025-08-06T12:09:08.207+0000] {dag.py:2941} INFO - Sync 1 DAGs
[2025-08-06T12:09:08.241+0000] {logging_mixin.py:151} INFO - [2025-08-06T12:09:08.240+0000] {dag.py:3722} INFO - Setting next_dagrun for advanced_data_processing to 2025-08-05T02:00:00+00:00, run_after=2025-08-06T02:00:00+00:00
[2025-08-06T12:09:08.260+0000] {processor.py:179} INFO - Processing /opt/airflow/dags/advanced_dag.py took 0.793 seconds
[2025-08-06T12:09:39.078+0000] {processor.py:157} INFO - Started process (PID=59) to work on /opt/airflow/dags/advanced_dag.py
[2025-08-06T12:09:39.080+0000] {processor.py:829} INFO - Processing file /opt/airflow/dags/advanced_dag.py for tasks to queue
[2025-08-06T12:09:39.092+0000] {logging_mixin.py:151} INFO - [2025-08-06T12:09:39.088+0000] {dagbag.py:536} INFO - Filling up the DagBag from /opt/airflow/dags/advanced_dag.py
[2025-08-06T12:09:39.603+0000] {processor.py:839} INFO - DAG(s) dict_keys(['advanced_data_processing']) retrieved from /opt/airflow/dags/advanced_dag.py
[2025-08-06T12:09:39.697+0000] {logging_mixin.py:151} INFO - [2025-08-06T12:09:39.697+0000] {dag.py:2941} INFO - Sync 1 DAGs
[2025-08-06T12:09:39.723+0000] {logging_mixin.py:151} INFO - [2025-08-06T12:09:39.723+0000] {dag.py:3722} INFO - Setting next_dagrun for advanced_data_processing to 2025-08-05T02:00:00+00:00, run_after=2025-08-06T02:00:00+00:00
[2025-08-06T12:09:39.749+0000] {processor.py:179} INFO - Processing /opt/airflow/dags/advanced_dag.py took 0.679 seconds
[2025-08-06T12:10:10.354+0000] {processor.py:157} INFO - Started process (PID=63) to work on /opt/airflow/dags/advanced_dag.py
[2025-08-06T12:10:10.355+0000] {processor.py:829} INFO - Processing file /opt/airflow/dags/advanced_dag.py for tasks to queue
[2025-08-06T12:10:10.359+0000] {logging_mixin.py:151} INFO - [2025-08-06T12:10:10.359+0000] {dagbag.py:536} INFO - Filling up the DagBag from /opt/airflow/dags/advanced_dag.py
[2025-08-06T12:10:10.810+0000] {processor.py:839} INFO - DAG(s) dict_keys(['advanced_data_processing']) retrieved from /opt/airflow/dags/advanced_dag.py
[2025-08-06T12:10:10.882+0000] {logging_mixin.py:151} INFO - [2025-08-06T12:10:10.882+0000] {dag.py:2941} INFO - Sync 1 DAGs
[2025-08-06T12:10:10.916+0000] {logging_mixin.py:151} INFO - [2025-08-06T12:10:10.916+0000] {dag.py:3722} INFO - Setting next_dagrun for advanced_data_processing to 2025-08-05T02:00:00+00:00, run_after=2025-08-06T02:00:00+00:00
[2025-08-06T12:10:10.933+0000] {processor.py:179} INFO - Processing /opt/airflow/dags/advanced_dag.py took 0.583 seconds
[2025-08-06T12:10:41.705+0000] {processor.py:157} INFO - Started process (PID=67) to work on /opt/airflow/dags/advanced_dag.py
[2025-08-06T12:10:41.706+0000] {processor.py:829} INFO - Processing file /opt/airflow/dags/advanced_dag.py for tasks to queue
[2025-08-06T12:10:41.709+0000] {logging_mixin.py:151} INFO - [2025-08-06T12:10:41.709+0000] {dagbag.py:536} INFO - Filling up the DagBag from /opt/airflow/dags/advanced_dag.py
[2025-08-06T12:10:42.243+0000] {processor.py:839} INFO - DAG(s) dict_keys(['advanced_data_processing']) retrieved from /opt/airflow/dags/advanced_dag.py
[2025-08-06T12:10:42.314+0000] {logging_mixin.py:151} INFO - [2025-08-06T12:10:42.314+0000] {dag.py:2941} INFO - Sync 1 DAGs
[2025-08-06T12:10:42.352+0000] {logging_mixin.py:151} INFO - [2025-08-06T12:10:42.352+0000] {dag.py:3722} INFO - Setting next_dagrun for advanced_data_processing to 2025-08-05T02:00:00+00:00, run_after=2025-08-06T02:00:00+00:00
[2025-08-06T12:10:42.378+0000] {processor.py:179} INFO - Processing /opt/airflow/dags/advanced_dag.py took 0.678 seconds
[2025-08-06T12:11:13.214+0000] {processor.py:157} INFO - Started process (PID=71) to work on /opt/airflow/dags/advanced_dag.py
[2025-08-06T12:11:13.216+0000] {processor.py:829} INFO - Processing file /opt/airflow/dags/advanced_dag.py for tasks to queue
[2025-08-06T12:11:13.219+0000] {logging_mixin.py:151} INFO - [2025-08-06T12:11:13.219+0000] {dagbag.py:536} INFO - Filling up the DagBag from /opt/airflow/dags/advanced_dag.py
[2025-08-06T12:11:13.703+0000] {processor.py:839} INFO - DAG(s) dict_keys(['advanced_data_processing']) retrieved from /opt/airflow/dags/advanced_dag.py
[2025-08-06T12:11:13.778+0000] {logging_mixin.py:151} INFO - [2025-08-06T12:11:13.778+0000] {dag.py:2941} INFO - Sync 1 DAGs
[2025-08-06T12:11:13.814+0000] {logging_mixin.py:151} INFO - [2025-08-06T12:11:13.814+0000] {dag.py:3722} INFO - Setting next_dagrun for advanced_data_processing to 2025-08-05T02:00:00+00:00, run_after=2025-08-06T02:00:00+00:00
[2025-08-06T12:11:13.840+0000] {processor.py:179} INFO - Processing /opt/airflow/dags/advanced_dag.py took 0.632 seconds
[2025-08-06T12:11:44.661+0000] {processor.py:157} INFO - Started process (PID=75) to work on /opt/airflow/dags/advanced_dag.py
[2025-08-06T12:11:44.662+0000] {processor.py:829} INFO - Processing file /opt/airflow/dags/advanced_dag.py for tasks to queue
[2025-08-06T12:11:44.669+0000] {logging_mixin.py:151} INFO - [2025-08-06T12:11:44.669+0000] {dagbag.py:536} INFO - Filling up the DagBag from /opt/airflow/dags/advanced_dag.py
[2025-08-06T12:11:45.113+0000] {processor.py:839} INFO - DAG(s) dict_keys(['advanced_data_processing']) retrieved from /opt/airflow/dags/advanced_dag.py
[2025-08-06T12:11:45.197+0000] {logging_mixin.py:151} INFO - [2025-08-06T12:11:45.196+0000] {dag.py:2941} INFO - Sync 1 DAGs
[2025-08-06T12:11:45.224+0000] {logging_mixin.py:151} INFO - [2025-08-06T12:11:45.224+0000] {dag.py:3722} INFO - Setting next_dagrun for advanced_data_processing to 2025-08-05T02:00:00+00:00, run_after=2025-08-06T02:00:00+00:00
[2025-08-06T12:11:45.242+0000] {processor.py:179} INFO - Processing /opt/airflow/dags/advanced_dag.py took 0.588 seconds
